{"C:\\Users\\nevardo.ospina\\Documents\\TRAINING IA NATIVE DEV Y QA\\Taller 2 Scramble  Refactor - El Reto\\Restaurant Grupo 2\\restaurant-backend\\order-service\\src\\config\\database.ts": {"path":"C:\\Users\\nevardo.ospina\\Documents\\TRAINING IA NATIVE DEV Y QA\\Taller 2 Scramble  Refactor - El Reto\\Restaurant Grupo 2\\restaurant-backend\\order-service\\src\\config\\database.ts","statementMap":{"0":{"start":{"line":6,"column":0},"end":{"line":6,"column":7}},"1":{"start":{"line":27,"column":0},"end":{"line":27,"column":7}},"2":{"start":{"line":1,"column":0},"end":{"line":1,"column":32}},"3":{"start":{"line":7,"column":2},"end":{"line":21,"column":3}},"4":{"start":{"line":8,"column":21},"end":{"line":8,"column":82}},"5":{"start":{"line":10,"column":4},"end":{"line":10,"column":46}},"6":{"start":{"line":12,"column":4},"end":{"line":14,"column":7}},"7":{"start":{"line":16,"column":4},"end":{"line":16,"column":54}},"8":{"start":{"line":17,"column":4},"end":{"line":17,"column":65}},"9":{"start":{"line":19,"column":4},"end":{"line":19,"column":58}},"10":{"start":{"line":20,"column":4},"end":{"line":20,"column":16}},"11":{"start":{"line":28,"column":2},"end":{"line":34,"column":3}},"12":{"start":{"line":29,"column":4},"end":{"line":29,"column":38}},"13":{"start":{"line":30,"column":4},"end":{"line":30,"column":49}},"14":{"start":{"line":32,"column":4},"end":{"line":32,"column":65}},"15":{"start":{"line":33,"column":4},"end":{"line":33,"column":16}},"16":{"start":{"line":38,"column":0},"end":{"line":40,"column":3}},"17":{"start":{"line":39,"column":2},"end":{"line":39,"column":46}},"18":{"start":{"line":42,"column":0},"end":{"line":44,"column":3}},"19":{"start":{"line":43,"column":2},"end":{"line":43,"column":42}},"20":{"start":{"line":46,"column":0},"end":{"line":48,"column":3}},"21":{"start":{"line":47,"column":2},"end":{"line":47,"column":40}}},"fnMap":{"0":{"name":"connectDatabase","decl":{"start":{"line":6,"column":22},"end":{"line":6,"column":37}},"loc":{"start":{"line":6,"column":37},"end":{"line":22,"column":1}}},"1":{"name":"closeDatabase","decl":{"start":{"line":27,"column":22},"end":{"line":27,"column":35}},"loc":{"start":{"line":27,"column":35},"end":{"line":35,"column":1}}},"2":{"name":"(anonymous_3)","decl":{"start":{"line":38,"column":32},"end":{"line":38,"column":33}},"loc":{"start":{"line":38,"column":42},"end":{"line":40,"column":1}}},"3":{"name":"(anonymous_4)","decl":{"start":{"line":42,"column":39},"end":{"line":42,"column":42}},"loc":{"start":{"line":42,"column":44},"end":{"line":44,"column":1}}},"4":{"name":"(anonymous_5)","decl":{"start":{"line":46,"column":38},"end":{"line":46,"column":41}},"loc":{"start":{"line":46,"column":43},"end":{"line":48,"column":1}}}},"branchMap":{"0":{"loc":{"start":{"line":8,"column":21},"end":{"line":8,"column":82}},"type":"binary-expr","locations":[{"start":{"line":8,"column":21},"end":{"line":8,"column":44}},{"start":{"line":8,"column":48},"end":{"line":8,"column":82}}]}},"s":{"0":1,"1":1,"2":1,"3":1,"4":1,"5":1,"6":1,"7":1,"8":1,"9":0,"10":0,"11":1,"12":1,"13":1,"14":0,"15":0,"16":1,"17":0,"18":1,"19":1,"20":1,"21":0},"f":{"0":1,"1":1,"2":0,"3":1,"4":0},"b":{"0":[1,0]}}
,"C:\\Users\\nevardo.ospina\\Documents\\TRAINING IA NATIVE DEV Y QA\\Taller 2 Scramble  Refactor - El Reto\\Restaurant Grupo 2\\restaurant-backend\\order-service\\src\\controllers\\analyticsController.ts": {"path":"C:\\Users\\nevardo.ospina\\Documents\\TRAINING IA NATIVE DEV Y QA\\Taller 2 Scramble  Refactor - El Reto\\Restaurant Grupo 2\\restaurant-backend\\order-service\\src\\controllers\\analyticsController.ts","statementMap":{"0":{"start":{"line":17,"column":0},"end":{"line":17,"column":7}},"1":{"start":{"line":63,"column":0},"end":{"line":63,"column":7}},"2":{"start":{"line":3,"column":0},"end":{"line":3,"column":64}},"3":{"start":{"line":4,"column":0},"end":{"line":4,"column":74}},"4":{"start":{"line":5,"column":0},"end":{"line":5,"column":40}},"5":{"start":{"line":14,"column":19},"end":{"line":14,"column":49}},"6":{"start":{"line":15,"column":35},"end":{"line":15,"column":67}},"7":{"start":{"line":18,"column":2},"end":{"line":60,"column":3}},"8":{"start":{"line":19,"column":39},"end":{"line":19,"column":55}},"9":{"start":{"line":22,"column":4},"end":{"line":31,"column":5}},"10":{"start":{"line":23,"column":6},"end":{"line":30,"column":9}},"11":{"start":{"line":34,"column":22},"end":{"line":39,"column":6}},"12":{"start":{"line":42,"column":4},"end":{"line":46,"column":5}},"13":{"start":{"line":43,"column":6},"end":{"line":45,"column":9}},"14":{"start":{"line":48,"column":4},"end":{"line":48,"column":43}},"15":{"start":{"line":50,"column":4},"end":{"line":55,"column":5}},"16":{"start":{"line":51,"column":6},"end":{"line":54,"column":9}},"17":{"start":{"line":56,"column":4},"end":{"line":59,"column":7}},"18":{"start":{"line":64,"column":2},"end":{"line":89,"column":3}},"19":{"start":{"line":65,"column":48},"end":{"line":65,"column":62}},"20":{"start":{"line":68,"column":4},"end":{"line":77,"column":5}},"21":{"start":{"line":69,"column":6},"end":{"line":76,"column":9}},"22":{"start":{"line":80,"column":19},"end":{"line":80,"column":73}},"23":{"start":{"line":81,"column":4},"end":{"line":81,"column":61}},"24":{"start":{"line":82,"column":4},"end":{"line":82,"column":129}},"25":{"start":{"line":83,"column":4},"end":{"line":83,"column":21}},"26":{"start":{"line":85,"column":4},"end":{"line":88,"column":7}}},"fnMap":{"0":{"name":"getInternalAnalytics","decl":{"start":{"line":17,"column":22},"end":{"line":17,"column":42}},"loc":{"start":{"line":17,"column":70},"end":{"line":61,"column":1}}},"1":{"name":"postInternalAnalyticsExport","decl":{"start":{"line":63,"column":22},"end":{"line":63,"column":49}},"loc":{"start":{"line":63,"column":77},"end":{"line":90,"column":1}}}},"branchMap":{"0":{"loc":{"start":{"line":22,"column":4},"end":{"line":31,"column":5}},"type":"if","locations":[{"start":{"line":22,"column":4},"end":{"line":31,"column":5}}]},"1":{"loc":{"start":{"line":22,"column":8},"end":{"line":22,"column":32}},"type":"binary-expr","locations":[{"start":{"line":22,"column":8},"end":{"line":22,"column":13}},{"start":{"line":22,"column":17},"end":{"line":22,"column":20}},{"start":{"line":22,"column":24},"end":{"line":22,"column":32}}]},"2":{"loc":{"start":{"line":26,"column":10},"end":{"line":26,"column":84}},"type":"cond-expr","locations":[{"start":{"line":26,"column":18},"end":{"line":26,"column":77}},{"start":{"line":26,"column":80},"end":{"line":26,"column":84}}]},"3":{"loc":{"start":{"line":27,"column":10},"end":{"line":27,"column":80}},"type":"cond-expr","locations":[{"start":{"line":27,"column":16},"end":{"line":27,"column":73}},{"start":{"line":27,"column":76},"end":{"line":27,"column":80}}]},"4":{"loc":{"start":{"line":28,"column":10},"end":{"line":28,"column":100}},"type":"cond-expr","locations":[{"start":{"line":28,"column":21},"end":{"line":28,"column":93}},{"start":{"line":28,"column":96},"end":{"line":28,"column":100}}]},"5":{"loc":{"start":{"line":38,"column":11},"end":{"line":38,"column":40}},"type":"cond-expr","locations":[{"start":{"line":38,"column":17},"end":{"line":38,"column":28}},{"start":{"line":38,"column":31},"end":{"line":38,"column":40}}]},"6":{"loc":{"start":{"line":42,"column":4},"end":{"line":46,"column":5}},"type":"if","locations":[{"start":{"line":42,"column":4},"end":{"line":46,"column":5}}]},"7":{"loc":{"start":{"line":50,"column":4},"end":{"line":55,"column":5}},"type":"if","locations":[{"start":{"line":50,"column":4},"end":{"line":55,"column":5}}]},"8":{"loc":{"start":{"line":65,"column":48},"end":{"line":65,"column":62}},"type":"binary-expr","locations":[{"start":{"line":65,"column":48},"end":{"line":65,"column":56}},{"start":{"line":65,"column":60},"end":{"line":65,"column":62}}]},"9":{"loc":{"start":{"line":68,"column":4},"end":{"line":77,"column":5}},"type":"if","locations":[{"start":{"line":68,"column":4},"end":{"line":77,"column":5}}]},"10":{"loc":{"start":{"line":68,"column":8},"end":{"line":68,"column":32}},"type":"binary-expr","locations":[{"start":{"line":68,"column":8},"end":{"line":68,"column":13}},{"start":{"line":68,"column":17},"end":{"line":68,"column":20}},{"start":{"line":68,"column":24},"end":{"line":68,"column":32}}]},"11":{"loc":{"start":{"line":72,"column":10},"end":{"line":72,"column":84}},"type":"cond-expr","locations":[{"start":{"line":72,"column":18},"end":{"line":72,"column":77}},{"start":{"line":72,"column":80},"end":{"line":72,"column":84}}]},"12":{"loc":{"start":{"line":73,"column":10},"end":{"line":73,"column":80}},"type":"cond-expr","locations":[{"start":{"line":73,"column":16},"end":{"line":73,"column":73}},{"start":{"line":73,"column":76},"end":{"line":73,"column":80}}]},"13":{"loc":{"start":{"line":74,"column":10},"end":{"line":74,"column":100}},"type":"cond-expr","locations":[{"start":{"line":74,"column":21},"end":{"line":74,"column":93}},{"start":{"line":74,"column":96},"end":{"line":74,"column":100}}]}},"s":{"0":1,"1":1,"2":1,"3":1,"4":1,"5":1,"6":1,"7":2,"8":2,"9":2,"10":0,"11":2,"12":2,"13":1,"14":1,"15":0,"16":0,"17":0,"18":1,"19":1,"20":1,"21":0,"22":1,"23":1,"24":1,"25":1,"26":0},"f":{"0":2,"1":1},"b":{"0":[0],"1":[2,2,2],"2":[0,0],"3":[0,0],"4":[0,0],"5":[1,1],"6":[1],"7":[0],"8":[1,0],"9":[0],"10":[1,1,1],"11":[0,0],"12":[0,0],"13":[0,0]}}
,"C:\\Users\\nevardo.ospina\\Documents\\TRAINING IA NATIVE DEV Y QA\\Taller 2 Scramble  Refactor - El Reto\\Restaurant Grupo 2\\restaurant-backend\\order-service\\src\\controllers\\orderController.ts": {"path":"C:\\Users\\nevardo.ospina\\Documents\\TRAINING IA NATIVE DEV Y QA\\Taller 2 Scramble  Refactor - El Reto\\Restaurant Grupo 2\\restaurant-backend\\order-service\\src\\controllers\\orderController.ts","statementMap":{"0":{"start":{"line":2,"column":0},"end":{"line":2,"column":56}},"1":{"start":{"line":10,"column":4},"end":{"line":75,"column":5}},"2":{"start":{"line":11,"column":53},"end":{"line":11,"column":61}},"3":{"start":{"line":12,"column":6},"end":{"line":17,"column":7}},"4":{"start":{"line":13,"column":8},"end":{"line":15,"column":11}},"5":{"start":{"line":16,"column":8},"end":{"line":16,"column":15}},"6":{"start":{"line":21,"column":6},"end":{"line":26,"column":7}},"7":{"start":{"line":22,"column":8},"end":{"line":24,"column":11}},"8":{"start":{"line":25,"column":8},"end":{"line":25,"column":15}},"9":{"start":{"line":28,"column":6},"end":{"line":33,"column":7}},"10":{"start":{"line":29,"column":8},"end":{"line":31,"column":11}},"11":{"start":{"line":32,"column":8},"end":{"line":32,"column":15}},"12":{"start":{"line":36,"column":6},"end":{"line":49,"column":7}},"13":{"start":{"line":37,"column":8},"end":{"line":42,"column":9}},"14":{"start":{"line":38,"column":10},"end":{"line":40,"column":13}},"15":{"start":{"line":41,"column":10},"end":{"line":41,"column":17}},"16":{"start":{"line":43,"column":8},"end":{"line":48,"column":9}},"17":{"start":{"line":44,"column":10},"end":{"line":46,"column":13}},"18":{"start":{"line":47,"column":10},"end":{"line":47,"column":17}},"19":{"start":{"line":51,"column":20},"end":{"line":54,"column":null}},"20":{"start":{"line":57,"column":6},"end":{"line":68,"column":9}},"21":{"start":{"line":70,"column":6},"end":{"line":70,"column":52}},"22":{"start":{"line":71,"column":6},"end":{"line":74,"column":9}},"23":{"start":{"line":82,"column":4},"end":{"line":112,"column":5}},"24":{"start":{"line":83,"column":21},"end":{"line":83,"column":31}},"25":{"start":{"line":85,"column":20},"end":{"line":85,"column":55}},"26":{"start":{"line":87,"column":6},"end":{"line":92,"column":7}},"27":{"start":{"line":88,"column":8},"end":{"line":90,"column":11}},"28":{"start":{"line":91,"column":8},"end":{"line":91,"column":15}},"29":{"start":{"line":94,"column":6},"end":{"line":105,"column":9}},"30":{"start":{"line":107,"column":6},"end":{"line":107,"column":53}},"31":{"start":{"line":108,"column":6},"end":{"line":111,"column":9}},"32":{"start":{"line":119,"column":4},"end":{"line":141,"column":5}},"33":{"start":{"line":120,"column":21},"end":{"line":120,"column":31}},"34":{"start":{"line":122,"column":26},"end":{"line":122,"column":63}},"35":{"start":{"line":124,"column":6},"end":{"line":129,"column":7}},"36":{"start":{"line":125,"column":8},"end":{"line":127,"column":11}},"37":{"start":{"line":128,"column":8},"end":{"line":128,"column":15}},"38":{"start":{"line":131,"column":6},"end":{"line":134,"column":9}},"39":{"start":{"line":136,"column":6},"end":{"line":136,"column":55}},"40":{"start":{"line":137,"column":6},"end":{"line":140,"column":9}},"41":{"start":{"line":148,"column":4},"end":{"line":173,"column":5}},"42":{"start":{"line":149,"column":20},"end":{"line":149,"column":61}},"43":{"start":{"line":150,"column":19},"end":{"line":150,"column":58}},"44":{"start":{"line":152,"column":21},"end":{"line":152,"column":65}},"45":{"start":{"line":154,"column":6},"end":{"line":166,"column":9}},"46":{"start":{"line":156,"column":37},"end":{"line":165,"column":10}},"47":{"start":{"line":168,"column":6},"end":{"line":168,"column":53}},"48":{"start":{"line":169,"column":6},"end":{"line":172,"column":9}},"49":{"start":{"line":5,"column":0},"end":{"line":5,"column":13}},"50":{"start":{"line":177,"column":13},"end":{"line":177,"column":53}}},"fnMap":{"0":{"name":"(anonymous_0)","decl":{"start":{"line":9,"column":2},"end":{"line":9,"column":7}},"loc":{"start":{"line":9,"column":47},"end":{"line":76,"column":3}}},"1":{"name":"(anonymous_1)","decl":{"start":{"line":81,"column":2},"end":{"line":81,"column":7}},"loc":{"start":{"line":81,"column":48},"end":{"line":113,"column":3}}},"2":{"name":"(anonymous_2)","decl":{"start":{"line":118,"column":2},"end":{"line":118,"column":7}},"loc":{"start":{"line":118,"column":50},"end":{"line":142,"column":3}}},"3":{"name":"(anonymous_3)","decl":{"start":{"line":147,"column":2},"end":{"line":147,"column":7}},"loc":{"start":{"line":147,"column":48},"end":{"line":174,"column":3}}},"4":{"name":"(anonymous_4)","decl":{"start":{"line":156,"column":27},"end":{"line":156,"column":32}},"loc":{"start":{"line":156,"column":37},"end":{"line":165,"column":10}}}},"branchMap":{"0":{"loc":{"start":{"line":12,"column":6},"end":{"line":17,"column":7}},"type":"if","locations":[{"start":{"line":12,"column":6},"end":{"line":17,"column":7}}]},"1":{"loc":{"start":{"line":12,"column":10},"end":{"line":12,"column":60}},"type":"binary-expr","locations":[{"start":{"line":12,"column":10},"end":{"line":12,"column":23}},{"start":{"line":12,"column":27},"end":{"line":12,"column":60}}]},"2":{"loc":{"start":{"line":21,"column":6},"end":{"line":26,"column":7}},"type":"if","locations":[{"start":{"line":21,"column":6},"end":{"line":26,"column":7}}]},"3":{"loc":{"start":{"line":21,"column":10},"end":{"line":21,"column":89}},"type":"binary-expr","locations":[{"start":{"line":21,"column":10},"end":{"line":21,"column":23}},{"start":{"line":21,"column":27},"end":{"line":21,"column":59}},{"start":{"line":21,"column":63},"end":{"line":21,"column":89}}]},"4":{"loc":{"start":{"line":28,"column":6},"end":{"line":33,"column":7}},"type":"if","locations":[{"start":{"line":28,"column":6},"end":{"line":33,"column":7}}]},"5":{"loc":{"start":{"line":28,"column":10},"end":{"line":28,"column":63}},"type":"binary-expr","locations":[{"start":{"line":28,"column":10},"end":{"line":28,"column":16}},{"start":{"line":28,"column":20},"end":{"line":28,"column":41}},{"start":{"line":28,"column":45},"end":{"line":28,"column":63}}]},"6":{"loc":{"start":{"line":37,"column":8},"end":{"line":42,"column":9}},"type":"if","locations":[{"start":{"line":37,"column":8},"end":{"line":42,"column":9}}]},"7":{"loc":{"start":{"line":37,"column":12},"end":{"line":37,"column":55}},"type":"binary-expr","locations":[{"start":{"line":37,"column":12},"end":{"line":37,"column":22}},{"start":{"line":37,"column":26},"end":{"line":37,"column":40}},{"start":{"line":37,"column":44},"end":{"line":37,"column":55}}]},"8":{"loc":{"start":{"line":43,"column":8},"end":{"line":48,"column":9}},"type":"if","locations":[{"start":{"line":43,"column":8},"end":{"line":48,"column":9}}]},"9":{"loc":{"start":{"line":43,"column":12},"end":{"line":43,"column":47}},"type":"binary-expr","locations":[{"start":{"line":43,"column":12},"end":{"line":43,"column":29}},{"start":{"line":43,"column":33},"end":{"line":43,"column":47}}]},"10":{"loc":{"start":{"line":54,"column":8},"end":{"line":54,"column":76}},"type":"cond-expr","locations":[{"start":{"line":54,"column":44},"end":{"line":54,"column":64}},{"start":{"line":54,"column":67},"end":{"line":54,"column":76}}]},"11":{"loc":{"start":{"line":87,"column":6},"end":{"line":92,"column":7}},"type":"if","locations":[{"start":{"line":87,"column":6},"end":{"line":92,"column":7}}]},"12":{"loc":{"start":{"line":124,"column":6},"end":{"line":129,"column":7}},"type":"if","locations":[{"start":{"line":124,"column":6},"end":{"line":129,"column":7}}]},"13":{"loc":{"start":{"line":149,"column":20},"end":{"line":149,"column":61}},"type":"binary-expr","locations":[{"start":{"line":149,"column":20},"end":{"line":149,"column":55}},{"start":{"line":149,"column":59},"end":{"line":149,"column":61}}]},"14":{"loc":{"start":{"line":150,"column":19},"end":{"line":150,"column":58}},"type":"binary-expr","locations":[{"start":{"line":150,"column":19},"end":{"line":150,"column":53}},{"start":{"line":150,"column":57},"end":{"line":150,"column":58}}]}},"s":{"0":1,"1":0,"2":0,"3":0,"4":0,"5":0,"6":0,"7":0,"8":0,"9":0,"10":0,"11":0,"12":0,"13":0,"14":0,"15":0,"16":0,"17":0,"18":0,"19":0,"20":0,"21":0,"22":0,"23":0,"24":0,"25":0,"26":0,"27":0,"28":0,"29":0,"30":0,"31":0,"32":0,"33":0,"34":0,"35":0,"36":0,"37":0,"38":0,"39":0,"40":0,"41":0,"42":0,"43":0,"44":0,"45":0,"46":0,"47":0,"48":0,"49":1,"50":1},"f":{"0":0,"1":0,"2":0,"3":0,"4":0},"b":{"0":[0],"1":[0,0],"2":[0],"3":[0,0,0],"4":[0],"5":[0,0,0],"6":[0],"7":[0,0,0],"8":[0],"9":[0,0],"10":[0,0],"11":[0],"12":[0],"13":[0,0],"14":[0,0]}}
,"C:\\Users\\nevardo.ospina\\Documents\\TRAINING IA NATIVE DEV Y QA\\Taller 2 Scramble  Refactor - El Reto\\Restaurant Grupo 2\\restaurant-backend\\order-service\\src\\exporters\\CSVExporter.ts": {"path":"C:\\Users\\nevardo.ospina\\Documents\\TRAINING IA NATIVE DEV Y QA\\Taller 2 Scramble  Refactor - El Reto\\Restaurant Grupo 2\\restaurant-backend\\order-service\\src\\exporters\\CSVExporter.ts","statementMap":{"0":{"start":{"line":3,"column":0},"end":{"line":3,"column":34}},"1":{"start":{"line":4,"column":22},"end":{"line":4,"column":51}},"2":{"start":{"line":12,"column":21},"end":{"line":12,"column":48}},"3":{"start":{"line":15,"column":20},"end":{"line":17,"column":104}},"4":{"start":{"line":20,"column":27},"end":{"line":20,"column":29}},"5":{"start":{"line":22,"column":4},"end":{"line":46,"column":5}},"6":{"start":{"line":23,"column":6},"end":{"line":31,"column":9}},"7":{"start":{"line":33,"column":6},"end":{"line":45,"column":9}},"8":{"start":{"line":34,"column":8},"end":{"line":44,"column":11}},"9":{"start":{"line":35,"column":10},"end":{"line":43,"column":13}},"10":{"start":{"line":49,"column":4},"end":{"line":65,"column":5}},"11":{"start":{"line":50,"column":21},"end":{"line":57,"column":8}},"12":{"start":{"line":59,"column":6},"end":{"line":59,"column":39}},"13":{"start":{"line":60,"column":6},"end":{"line":60,"column":26}},"14":{"start":{"line":62,"column":6},"end":{"line":62,"column":49}},"15":{"start":{"line":63,"column":6},"end":{"line":63,"column":53}},"16":{"start":{"line":64,"column":6},"end":{"line":64,"column":26}},"17":{"start":{"line":67,"column":4},"end":{"line":67,"column":20}},"18":{"start":{"line":10,"column":0},"end":{"line":10,"column":13}}},"fnMap":{"0":{"name":"(anonymous_0)","decl":{"start":{"line":11,"column":2},"end":{"line":11,"column":8}},"loc":{"start":{"line":11,"column":75},"end":{"line":68,"column":3}}},"1":{"name":"(anonymous_1)","decl":{"start":{"line":12,"column":36},"end":{"line":12,"column":40}},"loc":{"start":{"line":12,"column":40},"end":{"line":12,"column":45}}},"2":{"name":"(anonymous_2)","decl":{"start":{"line":33,"column":31},"end":{"line":33,"column":41}},"loc":{"start":{"line":33,"column":44},"end":{"line":45,"column":7}}},"3":{"name":"(anonymous_3)","decl":{"start":{"line":34,"column":39},"end":{"line":34,"column":46}},"loc":{"start":{"line":34,"column":49},"end":{"line":44,"column":9}}}},"branchMap":{"0":{"loc":{"start":{"line":15,"column":20},"end":{"line":17,"column":104}},"type":"cond-expr","locations":[{"start":{"line":16,"column":8},"end":{"line":16,"column":21}},{"start":{"line":17,"column":8},"end":{"line":17,"column":104}}]},"1":{"loc":{"start":{"line":22,"column":4},"end":{"line":46,"column":5}},"type":"if","locations":[{"start":{"line":22,"column":4},"end":{"line":46,"column":5}},{"start":{"line":32,"column":11},"end":{"line":46,"column":5}}]},"2":{"loc":{"start":{"line":22,"column":8},"end":{"line":22,"column":66}},"type":"binary-expr","locations":[{"start":{"line":22,"column":8},"end":{"line":22,"column":18}},{"start":{"line":22,"column":22},"end":{"line":22,"column":39}},{"start":{"line":22,"column":43},"end":{"line":22,"column":66}}]},"3":{"loc":{"start":{"line":36,"column":20},"end":{"line":36,"column":43}},"type":"binary-expr","locations":[{"start":{"line":36,"column":20},"end":{"line":36,"column":37}},{"start":{"line":36,"column":41},"end":{"line":36,"column":43}}]},"4":{"loc":{"start":{"line":37,"column":25},"end":{"line":37,"column":52}},"type":"binary-expr","locations":[{"start":{"line":37,"column":25},"end":{"line":37,"column":47}},{"start":{"line":37,"column":51},"end":{"line":37,"column":52}}]},"5":{"loc":{"start":{"line":38,"column":26},"end":{"line":38,"column":54}},"type":"binary-expr","locations":[{"start":{"line":38,"column":26},"end":{"line":38,"column":49}},{"start":{"line":38,"column":53},"end":{"line":38,"column":54}}]},"6":{"loc":{"start":{"line":39,"column":23},"end":{"line":39,"column":46}},"type":"binary-expr","locations":[{"start":{"line":39,"column":23},"end":{"line":39,"column":40}},{"start":{"line":39,"column":44},"end":{"line":39,"column":46}}]},"7":{"loc":{"start":{"line":40,"column":25},"end":{"line":40,"column":43}},"type":"binary-expr","locations":[{"start":{"line":40,"column":25},"end":{"line":40,"column":37}},{"start":{"line":40,"column":41},"end":{"line":40,"column":43}}]},"8":{"loc":{"start":{"line":41,"column":22},"end":{"line":41,"column":43}},"type":"binary-expr","locations":[{"start":{"line":41,"column":22},"end":{"line":41,"column":38}},{"start":{"line":41,"column":42},"end":{"line":41,"column":43}}]},"9":{"loc":{"start":{"line":42,"column":25},"end":{"line":42,"column":53}},"type":"binary-expr","locations":[{"start":{"line":42,"column":25},"end":{"line":42,"column":47}},{"start":{"line":42,"column":51},"end":{"line":42,"column":53}}]}},"s":{"0":1,"1":1,"2":1,"3":1,"4":1,"5":1,"6":0,"7":1,"8":2,"9":8,"10":1,"11":1,"12":1,"13":1,"14":0,"15":0,"16":0,"17":1,"18":1},"f":{"0":1,"1":0,"2":2,"3":8},"b":{"0":[0,1],"1":[0,1],"2":[1,1,1],"3":[8,0],"4":[8,0],"5":[8,0],"6":[8,0],"7":[8,0],"8":[8,0],"9":[8,8]}}
,"C:\\Users\\nevardo.ospina\\Documents\\TRAINING IA NATIVE DEV Y QA\\Taller 2 Scramble  Refactor - El Reto\\Restaurant Grupo 2\\restaurant-backend\\order-service\\src\\mappers\\AnalyticsResponseMapper.ts": {"path":"C:\\Users\\nevardo.ospina\\Documents\\TRAINING IA NATIVE DEV Y QA\\Taller 2 Scramble  Refactor - El Reto\\Restaurant Grupo 2\\restaurant-backend\\order-service\\src\\mappers\\AnalyticsResponseMapper.ts","statementMap":{"0":{"start":{"line":13,"column":20},"end":{"line":13,"column":49}},"1":{"start":{"line":15,"column":4},"end":{"line":31,"column":6}},"2":{"start":{"line":22,"column":38},"end":{"line":27,"column":8}},"3":{"start":{"line":35,"column":4},"end":{"line":41,"column":6}},"4":{"start":{"line":36,"column":19},"end":{"line":39,"column":8}},"5":{"start":{"line":45,"column":4},"end":{"line":50,"column":8}},"6":{"start":{"line":45,"column":37},"end":{"line":50,"column":6}},"7":{"start":{"line":7,"column":0},"end":{"line":7,"column":13}}},"fnMap":{"0":{"name":"(anonymous_0)","decl":{"start":{"line":8,"column":2},"end":{"line":8,"column":10}},"loc":{"start":{"line":11,"column":28},"end":{"line":32,"column":3}}},"1":{"name":"(anonymous_1)","decl":{"start":{"line":22,"column":25},"end":{"line":22,"column":26}},"loc":{"start":{"line":22,"column":38},"end":{"line":27,"column":8}}},"2":{"name":"(anonymous_2)","decl":{"start":{"line":34,"column":10},"end":{"line":34,"column":26}},"loc":{"start":{"line":34,"column":40},"end":{"line":42,"column":3}}},"3":{"name":"(anonymous_3)","decl":{"start":{"line":36,"column":6},"end":{"line":36,"column":7}},"loc":{"start":{"line":36,"column":19},"end":{"line":39,"column":8}}},"4":{"name":"(anonymous_4)","decl":{"start":{"line":44,"column":10},"end":{"line":44,"column":21}},"loc":{"start":{"line":44,"column":37},"end":{"line":51,"column":3}}},"5":{"name":"(anonymous_5)","decl":{"start":{"line":45,"column":24},"end":{"line":45,"column":25}},"loc":{"start":{"line":45,"column":37},"end":{"line":50,"column":6}}}},"branchMap":{},"s":{"0":2,"1":2,"2":4,"3":2,"4":4,"5":4,"6":14,"7":1},"f":{"0":2,"1":4,"2":2,"3":4,"4":4,"5":14},"b":{}}
,"C:\\Users\\nevardo.ospina\\Documents\\TRAINING IA NATIVE DEV Y QA\\Taller 2 Scramble  Refactor - El Reto\\Restaurant Grupo 2\\restaurant-backend\\order-service\\src\\models\\Order.ts": {"path":"C:\\Users\\nevardo.ospina\\Documents\\TRAINING IA NATIVE DEV Y QA\\Taller 2 Scramble  Refactor - El Reto\\Restaurant Grupo 2\\restaurant-backend\\order-service\\src\\models\\Order.ts","statementMap":{"0":{"start":{"line":2,"column":0},"end":{"line":2,"column":54}},"1":{"start":{"line":5,"column":0},"end":{"line":5,"column":null}},"2":{"start":{"line":6,"column":2},"end":{"line":6,"column":null}},"3":{"start":{"line":7,"column":2},"end":{"line":7,"column":null}},"4":{"start":{"line":8,"column":2},"end":{"line":8,"column":null}},"5":{"start":{"line":9,"column":2},"end":{"line":9,"column":null}},"6":{"start":{"line":10,"column":2},"end":{"line":10,"column":33}},"7":{"start":{"line":37,"column":24},"end":{"line":44,"column":18}},"8":{"start":{"line":46,"column":20},"end":{"line":88,"column":2}},"9":{"start":{"line":62,"column":41},"end":{"line":62,"column":57}},"10":{"start":{"line":91,"column":0},"end":{"line":96,"column":3}},"11":{"start":{"line":92,"column":2},"end":{"line":94,"column":3}},"12":{"start":{"line":93,"column":4},"end":{"line":93,"column":108}},"13":{"start":{"line":93,"column":69},"end":{"line":93,"column":103}},"14":{"start":{"line":95,"column":2},"end":{"line":95,"column":9}},"15":{"start":{"line":99,"column":0},"end":{"line":103,"column":2}},"16":{"start":{"line":100,"column":20},"end":{"line":100,"column":30}},"17":{"start":{"line":101,"column":17},"end":{"line":101,"column":77}},"18":{"start":{"line":102,"column":2},"end":{"line":102,"column":38}},"19":{"start":{"line":106,"column":13},"end":{"line":106,"column":66}}},"fnMap":{"0":{"name":"(anonymous_9)","decl":{"start":{"line":5,"column":0},"end":{"line":5,"column":12}},"loc":{"start":{"line":5,"column":23},"end":{"line":11,"column":1}}},"1":{"name":"(anonymous_10)","decl":{"start":{"line":62,"column":17},"end":{"line":62,"column":18}},"loc":{"start":{"line":62,"column":41},"end":{"line":62,"column":57}}},"2":{"name":"(anonymous_11)","decl":{"start":{"line":91,"column":24},"end":{"line":91,"column":47}},"loc":{"start":{"line":91,"column":99},"end":{"line":96,"column":1}}},"3":{"name":"(anonymous_12)","decl":{"start":{"line":93,"column":35},"end":{"line":93,"column":36}},"loc":{"start":{"line":93,"column":69},"end":{"line":93,"column":103}}},"4":{"name":"(anonymous_13)","decl":{"start":{"line":99,"column":42},"end":{"line":99,"column":47}},"loc":{"start":{"line":99,"column":47},"end":{"line":103,"column":1}}}},"branchMap":{"0":{"loc":{"start":{"line":5,"column":12},"end":{"line":5,"column":null}},"type":"binary-expr","locations":[{"start":{"line":5,"column":12},"end":{"line":5,"column":23}},{"start":{"line":5,"column":23},"end":{"line":5,"column":null}}]},"1":{"loc":{"start":{"line":92,"column":2},"end":{"line":94,"column":3}},"type":"if","locations":[{"start":{"line":92,"column":2},"end":{"line":94,"column":3}}]}},"s":{"0":1,"1":1,"2":1,"3":1,"4":1,"5":1,"6":1,"7":1,"8":1,"9":6,"10":1,"11":0,"12":0,"13":0,"14":0,"15":1,"16":0,"17":0,"18":0,"19":1},"f":{"0":1,"1":6,"2":0,"3":0,"4":0},"b":{"0":[1,1],"1":[0]}}
,"C:\\Users\\nevardo.ospina\\Documents\\TRAINING IA NATIVE DEV Y QA\\Taller 2 Scramble  Refactor - El Reto\\Restaurant Grupo 2\\restaurant-backend\\order-service\\src\\repositories\\AnalyticsRepository.ts": {"path":"C:\\Users\\nevardo.ospina\\Documents\\TRAINING IA NATIVE DEV Y QA\\Taller 2 Scramble  Refactor - El Reto\\Restaurant Grupo 2\\restaurant-backend\\order-service\\src\\repositories\\AnalyticsRepository.ts","statementMap":{"0":{"start":{"line":6,"column":0},"end":{"line":6,"column":75}},"1":{"start":{"line":7,"column":0},"end":{"line":7,"column":34}},"2":{"start":{"line":8,"column":0},"end":{"line":8,"column":77}},"3":{"start":{"line":9,"column":0},"end":{"line":9,"column":55}},"4":{"start":{"line":20,"column":22},"end":{"line":20,"column":47}},"5":{"start":{"line":21,"column":4},"end":{"line":21,"column":48}},"6":{"start":{"line":22,"column":4},"end":{"line":22,"column":41}},"7":{"start":{"line":26,"column":44},"end":{"line":26,"column":49}},"8":{"start":{"line":27,"column":21},"end":{"line":27,"column":54}},"9":{"start":{"line":28,"column":19},"end":{"line":28,"column":50}},"10":{"start":{"line":31,"column":23},"end":{"line":31,"column":91}},"11":{"start":{"line":32,"column":4},"end":{"line":34,"column":5}},"12":{"start":{"line":33,"column":6},"end":{"line":33,"column":114}},"13":{"start":{"line":37,"column":40},"end":{"line":37,"column":79}},"14":{"start":{"line":38,"column":23},"end":{"line":38,"column":53}},"15":{"start":{"line":41,"column":34},"end":{"line":65,"column":6}},"16":{"start":{"line":67,"column":19},"end":{"line":67,"column":73}},"17":{"start":{"line":69,"column":4},"end":{"line":71,"column":5}},"18":{"start":{"line":70,"column":6},"end":{"line":70,"column":18}},"19":{"start":{"line":74,"column":36},"end":{"line":86,"column":6}},"20":{"start":{"line":88,"column":25},"end":{"line":88,"column":81}},"21":{"start":{"line":91,"column":4},"end":{"line":91,"column":61}},"22":{"start":{"line":95,"column":21},"end":{"line":95,"column":48}},"23":{"start":{"line":97,"column":4},"end":{"line":112,"column":9}},"24":{"start":{"line":99,"column":26},"end":{"line":99,"column":67}},"25":{"start":{"line":100,"column":8},"end":{"line":100,"column":60}},"26":{"start":{"line":100,"column":38},"end":{"line":100,"column":58}},"27":{"start":{"line":101,"column":8},"end":{"line":101,"column":55}},"28":{"start":{"line":101,"column":34},"end":{"line":101,"column":53}},"29":{"start":{"line":102,"column":8},"end":{"line":105,"column":11}},"30":{"start":{"line":103,"column":10},"end":{"line":103,"column":53}},"31":{"start":{"line":104,"column":10},"end":{"line":104,"column":30}},"32":{"start":{"line":108,"column":8},"end":{"line":108,"column":59}},"33":{"start":{"line":109,"column":8},"end":{"line":109,"column":102}},"34":{"start":{"line":110,"column":8},"end":{"line":110,"column":66}},"35":{"start":{"line":111,"column":8},"end":{"line":111,"column":28}},"36":{"start":{"line":114,"column":4},"end":{"line":114,"column":20}},"37":{"start":{"line":16,"column":0},"end":{"line":16,"column":13}}},"fnMap":{"0":{"name":"(anonymous_0)","decl":{"start":{"line":20,"column":2},"end":{"line":20,"column":22}},"loc":{"start":{"line":20,"column":47},"end":{"line":23,"column":3}}},"1":{"name":"(anonymous_1)","decl":{"start":{"line":25,"column":2},"end":{"line":25,"column":7}},"loc":{"start":{"line":25,"column":45},"end":{"line":92,"column":3}}},"2":{"name":"(anonymous_2)","decl":{"start":{"line":94,"column":2},"end":{"line":94,"column":11}},"loc":{"start":{"line":94,"column":38},"end":{"line":115,"column":3}}},"3":{"name":"(anonymous_3)","decl":{"start":{"line":95,"column":36},"end":{"line":95,"column":40}},"loc":{"start":{"line":95,"column":40},"end":{"line":95,"column":45}}},"4":{"name":"(anonymous_4)","decl":{"start":{"line":98,"column":12},"end":{"line":98,"column":21}},"loc":{"start":{"line":98,"column":24},"end":{"line":106,"column":7}}},"5":{"name":"(anonymous_5)","decl":{"start":{"line":100,"column":29},"end":{"line":100,"column":34}},"loc":{"start":{"line":100,"column":38},"end":{"line":100,"column":58}}},"6":{"name":"(anonymous_6)","decl":{"start":{"line":101,"column":28},"end":{"line":101,"column":31}},"loc":{"start":{"line":101,"column":34},"end":{"line":101,"column":53}}},"7":{"name":"(anonymous_7)","decl":{"start":{"line":102,"column":30},"end":{"line":102,"column":33}},"loc":{"start":{"line":102,"column":36},"end":{"line":105,"column":9}}},"8":{"name":"(anonymous_8)","decl":{"start":{"line":107,"column":13},"end":{"line":107,"column":16}},"loc":{"start":{"line":107,"column":19},"end":{"line":112,"column":7}}}},"branchMap":{"0":{"loc":{"start":{"line":26,"column":31},"end":{"line":26,"column":39}},"type":"default-arg","locations":[{"start":{"line":26,"column":37},"end":{"line":26,"column":39}}]},"1":{"loc":{"start":{"line":32,"column":4},"end":{"line":34,"column":5}},"type":"if","locations":[{"start":{"line":32,"column":4},"end":{"line":34,"column":5}}]},"2":{"loc":{"start":{"line":69,"column":4},"end":{"line":71,"column":5}},"type":"if","locations":[{"start":{"line":69,"column":4},"end":{"line":71,"column":5}}]},"3":{"loc":{"start":{"line":69,"column":8},"end":{"line":69,"column":38}},"type":"binary-expr","locations":[{"start":{"line":69,"column":8},"end":{"line":69,"column":15}},{"start":{"line":69,"column":19},"end":{"line":69,"column":38}}]}},"s":{"0":1,"1":1,"2":1,"3":1,"4":1,"5":1,"6":1,"7":3,"8":3,"9":3,"10":3,"11":3,"12":0,"13":3,"14":3,"15":3,"16":3,"17":3,"18":1,"19":2,"20":2,"21":2,"22":1,"23":1,"24":1,"25":1,"26":1,"27":1,"28":1,"29":1,"30":0,"31":0,"32":0,"33":0,"34":0,"35":0,"36":1,"37":1},"f":{"0":1,"1":3,"2":1,"3":1,"4":1,"5":1,"6":1,"7":0,"8":0},"b":{"0":[1],"1":[0],"2":[1],"3":[3,3]}}
,"C:\\Users\\nevardo.ospina\\Documents\\TRAINING IA NATIVE DEV Y QA\\Taller 2 Scramble  Refactor - El Reto\\Restaurant Grupo 2\\restaurant-backend\\order-service\\src\\routes\\orderRoutes.ts": {"path":"C:\\Users\\nevardo.ospina\\Documents\\TRAINING IA NATIVE DEV Y QA\\Taller 2 Scramble  Refactor - El Reto\\Restaurant Grupo 2\\restaurant-backend\\order-service\\src\\routes\\orderRoutes.ts","statementMap":{"0":{"start":{"line":1,"column":0},"end":{"line":1,"column":33}},"1":{"start":{"line":2,"column":0},"end":{"line":2,"column":65}},"2":{"start":{"line":3,"column":0},"end":{"line":3,"column":103}},"3":{"start":{"line":5,"column":15},"end":{"line":5,"column":23}},"4":{"start":{"line":8,"column":0},"end":{"line":8,"column":76}},"5":{"start":{"line":8,"column":37},"end":{"line":8,"column":74}},"6":{"start":{"line":11,"column":0},"end":{"line":11,"column":76}},"7":{"start":{"line":11,"column":36},"end":{"line":11,"column":74}},"8":{"start":{"line":14,"column":0},"end":{"line":14,"column":80}},"9":{"start":{"line":14,"column":40},"end":{"line":14,"column":78}},"10":{"start":{"line":17,"column":0},"end":{"line":17,"column":89}},"11":{"start":{"line":17,"column":47},"end":{"line":17,"column":87}},"12":{"start":{"line":20,"column":0},"end":{"line":20,"column":56}},"13":{"start":{"line":21,"column":0},"end":{"line":21,"column":71}},"14":{"start":{"line":23,"column":0},"end":{"line":23,"column":22}}},"fnMap":{"0":{"name":"(anonymous_0)","decl":{"start":{"line":8,"column":23},"end":{"line":8,"column":24}},"loc":{"start":{"line":8,"column":37},"end":{"line":8,"column":74}}},"1":{"name":"(anonymous_1)","decl":{"start":{"line":11,"column":22},"end":{"line":11,"column":23}},"loc":{"start":{"line":11,"column":36},"end":{"line":11,"column":74}}},"2":{"name":"(anonymous_2)","decl":{"start":{"line":14,"column":26},"end":{"line":14,"column":27}},"loc":{"start":{"line":14,"column":40},"end":{"line":14,"column":78}}},"3":{"name":"(anonymous_3)","decl":{"start":{"line":17,"column":33},"end":{"line":17,"column":34}},"loc":{"start":{"line":17,"column":47},"end":{"line":17,"column":87}}}},"branchMap":{},"s":{"0":1,"1":1,"2":1,"3":1,"4":1,"5":0,"6":1,"7":0,"8":1,"9":0,"10":1,"11":0,"12":1,"13":1,"14":1},"f":{"0":0,"1":0,"2":0,"3":0},"b":{}}
,"C:\\Users\\nevardo.ospina\\Documents\\TRAINING IA NATIVE DEV Y QA\\Taller 2 Scramble  Refactor - El Reto\\Restaurant Grupo 2\\restaurant-backend\\order-service\\src\\services\\analyticsService.ts": {"path":"C:\\Users\\nevardo.ospina\\Documents\\TRAINING IA NATIVE DEV Y QA\\Taller 2 Scramble  Refactor - El Reto\\Restaurant Grupo 2\\restaurant-backend\\order-service\\src\\services\\analyticsService.ts","statementMap":{"0":{"start":{"line":12,"column":22},"end":{"line":12,"column":54}},"1":{"start":{"line":16,"column":4},"end":{"line":16,"column":47}},"2":{"start":{"line":21,"column":4},"end":{"line":21,"column":44}},"3":{"start":{"line":11,"column":0},"end":{"line":11,"column":13}}},"fnMap":{"0":{"name":"(anonymous_0)","decl":{"start":{"line":12,"column":2},"end":{"line":12,"column":22}},"loc":{"start":{"line":12,"column":54},"end":{"line":12,"column":58}}},"1":{"name":"(anonymous_1)","decl":{"start":{"line":14,"column":2},"end":{"line":14,"column":7}},"loc":{"start":{"line":14,"column":45},"end":{"line":17,"column":3}}},"2":{"name":"(anonymous_2)","decl":{"start":{"line":19,"column":2},"end":{"line":19,"column":11}},"loc":{"start":{"line":19,"column":38},"end":{"line":22,"column":3}}}},"branchMap":{},"s":{"0":1,"1":2,"2":1,"3":1},"f":{"0":1,"1":2,"2":1},"b":{}}
,"C:\\Users\\nevardo.ospina\\Documents\\TRAINING IA NATIVE DEV Y QA\\Taller 2 Scramble  Refactor - El Reto\\Restaurant Grupo 2\\restaurant-backend\\order-service\\src\\services\\orderService.ts": {"path":"C:\\Users\\nevardo.ospina\\Documents\\TRAINING IA NATIVE DEV Y QA\\Taller 2 Scramble  Refactor - El Reto\\Restaurant Grupo 2\\restaurant-backend\\order-service\\src\\services\\orderService.ts","statementMap":{"0":{"start":{"line":1,"column":0},"end":{"line":1,"column":72}},"1":{"start":{"line":2,"column":0},"end":{"line":2,"column":60}},"2":{"start":{"line":17,"column":4},"end":{"line":66,"column":5}},"3":{"start":{"line":19,"column":26},"end":{"line":19,"column":58}},"4":{"start":{"line":22,"column":20},"end":{"line":27,"column":8}},"5":{"start":{"line":30,"column":6},"end":{"line":30,"column":87}},"6":{"start":{"line":30,"column":48},"end":{"line":30,"column":82}},"7":{"start":{"line":33,"column":25},"end":{"line":33,"column":43}},"8":{"start":{"line":36,"column":24},"end":{"line":56,"column":8}},"9":{"start":{"line":43,"column":47},"end":{"line":47,"column":10}},"10":{"start":{"line":58,"column":6},"end":{"line":58,"column":68}},"11":{"start":{"line":60,"column":6},"end":{"line":60,"column":64}},"12":{"start":{"line":62,"column":6},"end":{"line":62,"column":24}},"13":{"start":{"line":64,"column":6},"end":{"line":64,"column":54}},"14":{"start":{"line":65,"column":6},"end":{"line":65,"column":18}},"15":{"start":{"line":75,"column":4},"end":{"line":81,"column":5}},"16":{"start":{"line":76,"column":20},"end":{"line":76,"column":49}},"17":{"start":{"line":77,"column":6},"end":{"line":77,"column":19}},"18":{"start":{"line":79,"column":6},"end":{"line":79,"column":57}},"19":{"start":{"line":80,"column":6},"end":{"line":80,"column":18}},"20":{"start":{"line":90,"column":4},"end":{"line":96,"column":5}},"21":{"start":{"line":91,"column":20},"end":{"line":91,"column":56}},"22":{"start":{"line":92,"column":6},"end":{"line":92,"column":19}},"23":{"start":{"line":94,"column":6},"end":{"line":94,"column":68}},"24":{"start":{"line":95,"column":6},"end":{"line":95,"column":18}},"25":{"start":{"line":105,"column":4},"end":{"line":117,"column":5}},"26":{"start":{"line":106,"column":20},"end":{"line":106,"column":78}},"27":{"start":{"line":107,"column":6},"end":{"line":109,"column":7}},"28":{"start":{"line":108,"column":8},"end":{"line":108,"column":20}},"29":{"start":{"line":110,"column":6},"end":{"line":113,"column":8}},"30":{"start":{"line":115,"column":6},"end":{"line":115,"column":68}},"31":{"start":{"line":116,"column":6},"end":{"line":116,"column":18}},"32":{"start":{"line":127,"column":4},"end":{"line":148,"column":5}},"33":{"start":{"line":128,"column":20},"end":{"line":131,"column":null}},"34":{"start":{"line":134,"column":6},"end":{"line":142,"column":7}},"35":{"start":{"line":136,"column":8},"end":{"line":141,"column":11}},"36":{"start":{"line":144,"column":6},"end":{"line":144,"column":19}},"37":{"start":{"line":146,"column":6},"end":{"line":146,"column":70}},"38":{"start":{"line":147,"column":6},"end":{"line":147,"column":18}},"39":{"start":{"line":158,"column":4},"end":{"line":167,"column":5}},"40":{"start":{"line":159,"column":21},"end":{"line":162,"column":19}},"41":{"start":{"line":163,"column":6},"end":{"line":163,"column":20}},"42":{"start":{"line":165,"column":6},"end":{"line":165,"column":58}},"43":{"start":{"line":166,"column":6},"end":{"line":166,"column":18}},"44":{"start":{"line":176,"column":17},"end":{"line":176,"column":21}},"45":{"start":{"line":177,"column":19},"end":{"line":177,"column":20}},"46":{"start":{"line":178,"column":24},"end":{"line":178,"column":26}},"47":{"start":{"line":180,"column":4},"end":{"line":188,"column":5}},"48":{"start":{"line":181,"column":24},"end":{"line":181,"column":34}},"49":{"start":{"line":182,"column":21},"end":{"line":182,"column":81}},"50":{"start":{"line":183,"column":6},"end":{"line":183,"column":49}},"51":{"start":{"line":185,"column":28},"end":{"line":185,"column":64}},"52":{"start":{"line":186,"column":6},"end":{"line":186,"column":38}},"53":{"start":{"line":187,"column":6},"end":{"line":187,"column":17}},"54":{"start":{"line":190,"column":4},"end":{"line":192,"column":5}},"55":{"start":{"line":191,"column":6},"end":{"line":191,"column":70}},"56":{"start":{"line":194,"column":4},"end":{"line":194,"column":24}},"57":{"start":{"line":4,"column":0},"end":{"line":4,"column":13}},"58":{"start":{"line":199,"column":13},"end":{"line":199,"column":47}}},"fnMap":{"0":{"name":"(anonymous_0)","decl":{"start":{"line":12,"column":2},"end":{"line":12,"column":7}},"loc":{"start":{"line":15,"column":26},"end":{"line":67,"column":3}}},"1":{"name":"(anonymous_1)","decl":{"start":{"line":30,"column":33},"end":{"line":30,"column":34}},"loc":{"start":{"line":30,"column":48},"end":{"line":30,"column":82}}},"2":{"name":"(anonymous_2)","decl":{"start":{"line":43,"column":36},"end":{"line":43,"column":37}},"loc":{"start":{"line":43,"column":47},"end":{"line":47,"column":10}}},"3":{"name":"(anonymous_3)","decl":{"start":{"line":74,"column":2},"end":{"line":74,"column":7}},"loc":{"start":{"line":74,"column":36},"end":{"line":82,"column":3}}},"4":{"name":"(anonymous_4)","decl":{"start":{"line":89,"column":2},"end":{"line":89,"column":7}},"loc":{"start":{"line":89,"column":44},"end":{"line":97,"column":3}}},"5":{"name":"(anonymous_5)","decl":{"start":{"line":104,"column":2},"end":{"line":104,"column":7}},"loc":{"start":{"line":104,"column":38},"end":{"line":118,"column":3}}},"6":{"name":"(anonymous_6)","decl":{"start":{"line":126,"column":2},"end":{"line":126,"column":7}},"loc":{"start":{"line":126,"column":62},"end":{"line":149,"column":3}}},"7":{"name":"(anonymous_7)","decl":{"start":{"line":157,"column":2},"end":{"line":157,"column":7}},"loc":{"start":{"line":157,"column":57},"end":{"line":168,"column":3}}},"8":{"name":"(anonymous_8)","decl":{"start":{"line":174,"column":10},"end":{"line":174,"column":15}},"loc":{"start":{"line":174,"column":35},"end":{"line":195,"column":3}}}},"branchMap":{"0":{"loc":{"start":{"line":107,"column":6},"end":{"line":109,"column":7}},"type":"if","locations":[{"start":{"line":107,"column":6},"end":{"line":109,"column":7}}]},"1":{"loc":{"start":{"line":134,"column":6},"end":{"line":142,"column":7}},"type":"if","locations":[{"start":{"line":134,"column":6},"end":{"line":142,"column":7}}]},"2":{"loc":{"start":{"line":157,"column":21},"end":{"line":157,"column":39}},"type":"default-arg","locations":[{"start":{"line":157,"column":37},"end":{"line":157,"column":39}}]},"3":{"loc":{"start":{"line":157,"column":41},"end":{"line":157,"column":57}},"type":"default-arg","locations":[{"start":{"line":157,"column":56},"end":{"line":157,"column":57}}]},"4":{"loc":{"start":{"line":180,"column":11},"end":{"line":180,"column":43}},"type":"binary-expr","locations":[{"start":{"line":180,"column":11},"end":{"line":180,"column":17}},{"start":{"line":180,"column":21},"end":{"line":180,"column":43}}]},"5":{"loc":{"start":{"line":190,"column":4},"end":{"line":192,"column":5}},"type":"if","locations":[{"start":{"line":190,"column":4},"end":{"line":192,"column":5}}]}},"s":{"0":1,"1":1,"2":0,"3":0,"4":0,"5":0,"6":0,"7":0,"8":0,"9":0,"10":0,"11":0,"12":0,"13":0,"14":0,"15":0,"16":0,"17":0,"18":0,"19":0,"20":0,"21":0,"22":0,"23":0,"24":0,"25":0,"26":0,"27":0,"28":0,"29":0,"30":0,"31":0,"32":0,"33":0,"34":0,"35":0,"36":0,"37":0,"38":0,"39":0,"40":0,"41":0,"42":0,"43":0,"44":0,"45":0,"46":0,"47":0,"48":0,"49":0,"50":0,"51":0,"52":0,"53":0,"54":0,"55":0,"56":0,"57":1,"58":1},"f":{"0":0,"1":0,"2":0,"3":0,"4":0,"5":0,"6":0,"7":0,"8":0},"b":{"0":[0],"1":[0],"2":[0],"3":[0],"4":[0,0],"5":[0]}}
,"C:\\Users\\nevardo.ospina\\Documents\\TRAINING IA NATIVE DEV Y QA\\Taller 2 Scramble  Refactor - El Reto\\Restaurant Grupo 2\\restaurant-backend\\order-service\\src\\strategies\\GroupingStrategies.ts": {"path":"C:\\Users\\nevardo.ospina\\Documents\\TRAINING IA NATIVE DEV Y QA\\Taller 2 Scramble  Refactor - El Reto\\Restaurant Grupo 2\\restaurant-backend\\order-service\\src\\strategies\\GroupingStrategies.ts","statementMap":{"0":{"start":{"line":10,"column":4},"end":{"line":10,"column":73}},"1":{"start":{"line":14,"column":4},"end":{"line":14,"column":44}},"2":{"start":{"line":18,"column":4},"end":{"line":18,"column":17}},"3":{"start":{"line":8,"column":0},"end":{"line":8,"column":13}},"4":{"start":{"line":27,"column":4},"end":{"line":27,"column":70}},"5":{"start":{"line":32,"column":17},"end":{"line":32,"column":35}},"6":{"start":{"line":33,"column":17},"end":{"line":33,"column":41}},"7":{"start":{"line":34,"column":4},"end":{"line":34,"column":54}},"8":{"start":{"line":38,"column":14},"end":{"line":38,"column":85}},"9":{"start":{"line":39,"column":19},"end":{"line":39,"column":37}},"10":{"start":{"line":40,"column":4},"end":{"line":40,"column":46}},"11":{"start":{"line":41,"column":22},"end":{"line":41,"column":66}},"12":{"start":{"line":42,"column":4},"end":{"line":42,"column":81}},"13":{"start":{"line":46,"column":4},"end":{"line":46,"column":18}},"14":{"start":{"line":25,"column":0},"end":{"line":25,"column":13}},"15":{"start":{"line":55,"column":4},"end":{"line":55,"column":70}},"16":{"start":{"line":59,"column":17},"end":{"line":59,"column":35}},"17":{"start":{"line":60,"column":18},"end":{"line":60,"column":62}},"18":{"start":{"line":61,"column":4},"end":{"line":61,"column":30}},"19":{"start":{"line":65,"column":4},"end":{"line":65,"column":19}},"20":{"start":{"line":53,"column":0},"end":{"line":53,"column":13}},"21":{"start":{"line":74,"column":4},"end":{"line":74,"column":67}},"22":{"start":{"line":78,"column":4},"end":{"line":78,"column":38}},"23":{"start":{"line":82,"column":4},"end":{"line":82,"column":18}},"24":{"start":{"line":72,"column":0},"end":{"line":72,"column":13}},"25":{"start":{"line":92,"column":4},"end":{"line":103,"column":5}},"26":{"start":{"line":94,"column":8},"end":{"line":94,"column":41}},"27":{"start":{"line":96,"column":8},"end":{"line":96,"column":42}},"28":{"start":{"line":98,"column":8},"end":{"line":98,"column":43}},"29":{"start":{"line":100,"column":8},"end":{"line":100,"column":42}},"30":{"start":{"line":102,"column":8},"end":{"line":102,"column":43}},"31":{"start":{"line":90,"column":0},"end":{"line":90,"column":13}}},"fnMap":{"0":{"name":"(anonymous_0)","decl":{"start":{"line":9,"column":2},"end":{"line":9,"column":21}},"loc":{"start":{"line":9,"column":21},"end":{"line":11,"column":3}}},"1":{"name":"(anonymous_1)","decl":{"start":{"line":13,"column":2},"end":{"line":13,"column":14}},"loc":{"start":{"line":13,"column":25},"end":{"line":15,"column":3}}},"2":{"name":"(anonymous_2)","decl":{"start":{"line":17,"column":2},"end":{"line":17,"column":12}},"loc":{"start":{"line":17,"column":12},"end":{"line":19,"column":3}}},"3":{"name":"(anonymous_3)","decl":{"start":{"line":26,"column":2},"end":{"line":26,"column":21}},"loc":{"start":{"line":26,"column":21},"end":{"line":28,"column":3}}},"4":{"name":"(anonymous_4)","decl":{"start":{"line":30,"column":2},"end":{"line":30,"column":14}},"loc":{"start":{"line":30,"column":25},"end":{"line":35,"column":3}}},"5":{"name":"(anonymous_5)","decl":{"start":{"line":37,"column":10},"end":{"line":37,"column":23}},"loc":{"start":{"line":37,"column":34},"end":{"line":43,"column":3}}},"6":{"name":"(anonymous_6)","decl":{"start":{"line":45,"column":2},"end":{"line":45,"column":12}},"loc":{"start":{"line":45,"column":12},"end":{"line":47,"column":3}}},"7":{"name":"(anonymous_7)","decl":{"start":{"line":54,"column":2},"end":{"line":54,"column":21}},"loc":{"start":{"line":54,"column":21},"end":{"line":56,"column":3}}},"8":{"name":"(anonymous_8)","decl":{"start":{"line":58,"column":2},"end":{"line":58,"column":14}},"loc":{"start":{"line":58,"column":25},"end":{"line":62,"column":3}}},"9":{"name":"(anonymous_9)","decl":{"start":{"line":64,"column":2},"end":{"line":64,"column":12}},"loc":{"start":{"line":64,"column":12},"end":{"line":66,"column":3}}},"10":{"name":"(anonymous_10)","decl":{"start":{"line":73,"column":2},"end":{"line":73,"column":21}},"loc":{"start":{"line":73,"column":21},"end":{"line":75,"column":3}}},"11":{"name":"(anonymous_11)","decl":{"start":{"line":77,"column":2},"end":{"line":77,"column":14}},"loc":{"start":{"line":77,"column":25},"end":{"line":79,"column":3}}},"12":{"name":"(anonymous_12)","decl":{"start":{"line":81,"column":2},"end":{"line":81,"column":12}},"loc":{"start":{"line":81,"column":12},"end":{"line":83,"column":3}}},"13":{"name":"(anonymous_13)","decl":{"start":{"line":91,"column":2},"end":{"line":91,"column":8}},"loc":{"start":{"line":91,"column":32},"end":{"line":104,"column":3}}}},"branchMap":{"0":{"loc":{"start":{"line":39,"column":19},"end":{"line":39,"column":37}},"type":"binary-expr","locations":[{"start":{"line":39,"column":19},"end":{"line":39,"column":32}},{"start":{"line":39,"column":36},"end":{"line":39,"column":37}}]},"1":{"loc":{"start":{"line":92,"column":4},"end":{"line":103,"column":5}},"type":"switch","locations":[{"start":{"line":93,"column":6},"end":{"line":94,"column":41}},{"start":{"line":95,"column":6},"end":{"line":96,"column":42}},{"start":{"line":97,"column":6},"end":{"line":98,"column":43}},{"start":{"line":99,"column":6},"end":{"line":100,"column":42}},{"start":{"line":101,"column":6},"end":{"line":102,"column":43}}]}},"s":{"0":0,"1":0,"2":0,"3":1,"4":0,"5":0,"6":0,"7":0,"8":0,"9":0,"10":0,"11":0,"12":0,"13":0,"14":1,"15":3,"16":0,"17":0,"18":0,"19":0,"20":1,"21":0,"22":0,"23":0,"24":1,"25":3,"26":0,"27":0,"28":3,"29":0,"30":0,"31":1},"f":{"0":0,"1":0,"2":0,"3":0,"4":0,"5":0,"6":0,"7":3,"8":0,"9":0,"10":0,"11":0,"12":0,"13":3},"b":{"0":[0,0],"1":[0,0,3,0,0]}}
}
