TN:
SF:src\config\database.ts
FN:6,connectDatabase
FN:27,closeDatabase
FN:38,(anonymous_3)
FN:42,(anonymous_4)
FN:46,(anonymous_5)
FNF:5
FNH:3
FNDA:1,connectDatabase
FNDA:1,closeDatabase
FNDA:0,(anonymous_3)
FNDA:1,(anonymous_4)
FNDA:0,(anonymous_5)
DA:1,1
DA:6,1
DA:7,1
DA:8,1
DA:10,1
DA:12,1
DA:16,1
DA:17,1
DA:19,0
DA:20,0
DA:27,1
DA:28,1
DA:29,1
DA:30,1
DA:32,0
DA:33,0
DA:38,1
DA:39,0
DA:42,1
DA:43,1
DA:46,1
DA:47,0
LF:22
LH:16
BRDA:8,0,0,1
BRDA:8,0,1,0
BRF:2
BRH:1
end_of_record
TN:
SF:src\controllers\analyticsController.ts
FN:17,getInternalAnalytics
FN:63,postInternalAnalyticsExport
FNF:2
FNH:2
FNDA:2,getInternalAnalytics
FNDA:1,postInternalAnalyticsExport
DA:3,1
DA:4,1
DA:5,1
DA:14,1
DA:15,1
DA:17,1
DA:18,2
DA:19,2
DA:22,2
DA:23,0
DA:34,2
DA:42,2
DA:43,1
DA:48,1
DA:50,0
DA:51,0
DA:56,0
DA:63,1
DA:64,1
DA:65,1
DA:68,1
DA:69,0
DA:80,1
DA:81,1
DA:82,1
DA:83,1
DA:85,0
LF:27
LH:21
BRDA:22,0,0,0
BRDA:22,1,0,2
BRDA:22,1,1,2
BRDA:22,1,2,2
BRDA:26,2,0,0
BRDA:26,2,1,0
BRDA:27,3,0,0
BRDA:27,3,1,0
BRDA:28,4,0,0
BRDA:28,4,1,0
BRDA:38,5,0,1
BRDA:38,5,1,1
BRDA:42,6,0,1
BRDA:50,7,0,0
BRDA:65,8,0,1
BRDA:65,8,1,0
BRDA:68,9,0,0
BRDA:68,10,0,1
BRDA:68,10,1,1
BRDA:68,10,2,1
BRDA:72,11,0,0
BRDA:72,11,1,0
BRDA:73,12,0,0
BRDA:73,12,1,0
BRDA:74,13,0,0
BRDA:74,13,1,0
BRF:26
BRH:10
end_of_record
TN:
SF:src\controllers\orderController.ts
FN:9,(anonymous_0)
FN:81,(anonymous_1)
FN:118,(anonymous_2)
FN:147,(anonymous_3)
FN:156,(anonymous_4)
FNF:5
FNH:0
FNDA:0,(anonymous_0)
FNDA:0,(anonymous_1)
FNDA:0,(anonymous_2)
FNDA:0,(anonymous_3)
FNDA:0,(anonymous_4)
DA:2,1
DA:5,1
DA:10,0
DA:11,0
DA:12,0
DA:13,0
DA:16,0
DA:21,0
DA:22,0
DA:25,0
DA:28,0
DA:29,0
DA:32,0
DA:36,0
DA:37,0
DA:38,0
DA:41,0
DA:43,0
DA:44,0
DA:47,0
DA:51,0
DA:57,0
DA:70,0
DA:71,0
DA:82,0
DA:83,0
DA:85,0
DA:87,0
DA:88,0
DA:91,0
DA:94,0
DA:107,0
DA:108,0
DA:119,0
DA:120,0
DA:122,0
DA:124,0
DA:125,0
DA:128,0
DA:131,0
DA:136,0
DA:137,0
DA:148,0
DA:149,0
DA:150,0
DA:152,0
DA:154,0
DA:156,0
DA:168,0
DA:169,0
DA:177,1
LF:51
LH:3
BRDA:12,0,0,0
BRDA:12,1,0,0
BRDA:12,1,1,0
BRDA:21,2,0,0
BRDA:21,3,0,0
BRDA:21,3,1,0
BRDA:21,3,2,0
BRDA:28,4,0,0
BRDA:28,5,0,0
BRDA:28,5,1,0
BRDA:28,5,2,0
BRDA:37,6,0,0
BRDA:37,7,0,0
BRDA:37,7,1,0
BRDA:37,7,2,0
BRDA:43,8,0,0
BRDA:43,9,0,0
BRDA:43,9,1,0
BRDA:54,10,0,0
BRDA:54,10,1,0
BRDA:87,11,0,0
BRDA:124,12,0,0
BRDA:149,13,0,0
BRDA:149,13,1,0
BRDA:150,14,0,0
BRDA:150,14,1,0
BRF:26
BRH:0
end_of_record
TN:
SF:src\exporters\CSVExporter.ts
FN:11,(anonymous_0)
FN:12,(anonymous_1)
FN:33,(anonymous_2)
FN:34,(anonymous_3)
FNF:4
FNH:3
FNDA:1,(anonymous_0)
FNDA:0,(anonymous_1)
FNDA:2,(anonymous_2)
FNDA:8,(anonymous_3)
DA:3,1
DA:4,1
DA:10,1
DA:12,1
DA:15,1
DA:20,1
DA:22,1
DA:23,0
DA:33,1
DA:34,2
DA:35,8
DA:49,1
DA:50,1
DA:59,1
DA:60,1
DA:62,0
DA:63,0
DA:64,0
DA:67,1
LF:19
LH:15
BRDA:15,0,0,0
BRDA:15,0,1,1
BRDA:22,1,0,0
BRDA:22,1,1,1
BRDA:22,2,0,1
BRDA:22,2,1,1
BRDA:22,2,2,1
BRDA:36,3,0,8
BRDA:36,3,1,0
BRDA:37,4,0,8
BRDA:37,4,1,0
BRDA:38,5,0,8
BRDA:38,5,1,0
BRDA:39,6,0,8
BRDA:39,6,1,0
BRDA:40,7,0,8
BRDA:40,7,1,0
BRDA:41,8,0,8
BRDA:41,8,1,0
BRDA:42,9,0,8
BRDA:42,9,1,8
BRF:21
BRH:13
end_of_record
TN:
SF:src\mappers\AnalyticsResponseMapper.ts
FN:8,(anonymous_0)
FN:22,(anonymous_1)
FN:34,(anonymous_2)
FN:36,(anonymous_3)
FN:44,(anonymous_4)
FN:45,(anonymous_5)
FNF:6
FNH:6
FNDA:2,(anonymous_0)
FNDA:4,(anonymous_1)
FNDA:2,(anonymous_2)
FNDA:4,(anonymous_3)
FNDA:4,(anonymous_4)
FNDA:14,(anonymous_5)
DA:7,1
DA:13,2
DA:15,2
DA:22,4
DA:35,2
DA:36,4
DA:45,14
LF:7
LH:7
BRF:0
BRH:0
end_of_record
TN:
SF:src\models\Order.ts
FN:5,(anonymous_9)
FN:62,(anonymous_10)
FN:91,(anonymous_11)
FN:93,(anonymous_12)
FN:99,(anonymous_13)
FNF:5
FNH:2
FNDA:1,(anonymous_9)
FNDA:6,(anonymous_10)
FNDA:0,(anonymous_11)
FNDA:0,(anonymous_12)
FNDA:0,(anonymous_13)
DA:2,1
DA:5,1
DA:6,1
DA:7,1
DA:8,1
DA:9,1
DA:10,1
DA:37,1
DA:46,1
DA:62,6
DA:91,1
DA:92,0
DA:93,0
DA:95,0
DA:99,1
DA:100,0
DA:101,0
DA:102,0
DA:106,1
LF:19
LH:13
BRDA:5,0,0,1
BRDA:5,0,1,1
BRDA:92,1,0,0
BRF:3
BRH:2
end_of_record
TN:
SF:src\repositories\AnalyticsRepository.ts
FN:20,(anonymous_0)
FN:25,(anonymous_1)
FN:94,(anonymous_2)
FN:95,(anonymous_3)
FN:98,(anonymous_4)
FN:100,(anonymous_5)
FN:101,(anonymous_6)
FN:102,(anonymous_7)
FN:107,(anonymous_8)
FNF:9
FNH:7
FNDA:1,(anonymous_0)
FNDA:3,(anonymous_1)
FNDA:1,(anonymous_2)
FNDA:1,(anonymous_3)
FNDA:1,(anonymous_4)
FNDA:1,(anonymous_5)
FNDA:1,(anonymous_6)
FNDA:0,(anonymous_7)
FNDA:0,(anonymous_8)
DA:6,1
DA:7,1
DA:8,1
DA:9,1
DA:16,1
DA:20,1
DA:21,1
DA:22,1
DA:26,3
DA:27,3
DA:28,3
DA:31,3
DA:32,3
DA:33,0
DA:37,3
DA:38,3
DA:41,3
DA:67,3
DA:69,3
DA:70,1
DA:74,2
DA:88,2
DA:91,2
DA:95,1
DA:97,1
DA:99,1
DA:100,1
DA:101,1
DA:102,1
DA:103,0
DA:104,0
DA:108,0
DA:109,0
DA:110,0
DA:111,0
DA:114,1
LF:36
LH:29
BRDA:26,0,0,1
BRDA:32,1,0,0
BRDA:69,2,0,1
BRDA:69,3,0,3
BRDA:69,3,1,3
BRF:5
BRH:4
end_of_record
TN:
SF:src\routes\orderRoutes.ts
FN:8,(anonymous_0)
FN:11,(anonymous_1)
FN:14,(anonymous_2)
FN:17,(anonymous_3)
FNF:4
FNH:0
FNDA:0,(anonymous_0)
FNDA:0,(anonymous_1)
FNDA:0,(anonymous_2)
FNDA:0,(anonymous_3)
DA:1,1
DA:2,1
DA:3,1
DA:5,1
DA:8,1
DA:11,1
DA:14,1
DA:17,1
DA:20,1
DA:21,1
DA:23,1
LF:11
LH:11
BRF:0
BRH:0
end_of_record
TN:
SF:src\services\analyticsService.ts
FN:12,(anonymous_0)
FN:14,(anonymous_1)
FN:19,(anonymous_2)
FNF:3
FNH:3
FNDA:1,(anonymous_0)
FNDA:2,(anonymous_1)
FNDA:1,(anonymous_2)
DA:11,1
DA:12,1
DA:16,2
DA:21,1
LF:4
LH:4
BRF:0
BRH:0
end_of_record
TN:
SF:src\services\orderService.ts
FN:12,(anonymous_0)
FN:30,(anonymous_1)
FN:43,(anonymous_2)
FN:74,(anonymous_3)
FN:89,(anonymous_4)
FN:104,(anonymous_5)
FN:126,(anonymous_6)
FN:157,(anonymous_7)
FN:174,(anonymous_8)
FNF:9
FNH:0
FNDA:0,(anonymous_0)
FNDA:0,(anonymous_1)
FNDA:0,(anonymous_2)
FNDA:0,(anonymous_3)
FNDA:0,(anonymous_4)
FNDA:0,(anonymous_5)
FNDA:0,(anonymous_6)
FNDA:0,(anonymous_7)
FNDA:0,(anonymous_8)
DA:1,1
DA:2,1
DA:4,1
DA:17,0
DA:19,0
DA:22,0
DA:30,0
DA:33,0
DA:36,0
DA:43,0
DA:58,0
DA:60,0
DA:62,0
DA:64,0
DA:65,0
DA:75,0
DA:76,0
DA:77,0
DA:79,0
DA:80,0
DA:90,0
DA:91,0
DA:92,0
DA:94,0
DA:95,0
DA:105,0
DA:106,0
DA:107,0
DA:108,0
DA:110,0
DA:115,0
DA:116,0
DA:127,0
DA:128,0
DA:134,0
DA:136,0
DA:144,0
DA:146,0
DA:147,0
DA:158,0
DA:159,0
DA:163,0
DA:165,0
DA:166,0
DA:176,0
DA:177,0
DA:178,0
DA:180,0
DA:181,0
DA:182,0
DA:183,0
DA:185,0
DA:186,0
DA:187,0
DA:190,0
DA:191,0
DA:194,0
DA:199,1
LF:58
LH:4
BRDA:107,0,0,0
BRDA:134,1,0,0
BRDA:157,2,0,0
BRDA:157,3,0,0
BRDA:180,4,0,0
BRDA:180,4,1,0
BRDA:190,5,0,0
BRF:7
BRH:0
end_of_record
TN:
SF:src\strategies\GroupingStrategies.ts
FN:9,(anonymous_0)
FN:13,(anonymous_1)
FN:17,(anonymous_2)
FN:26,(anonymous_3)
FN:30,(anonymous_4)
FN:37,(anonymous_5)
FN:45,(anonymous_6)
FN:54,(anonymous_7)
FN:58,(anonymous_8)
FN:64,(anonymous_9)
FN:73,(anonymous_10)
FN:77,(anonymous_11)
FN:81,(anonymous_12)
FN:91,(anonymous_13)
FNF:14
FNH:2
FNDA:0,(anonymous_0)
FNDA:0,(anonymous_1)
FNDA:0,(anonymous_2)
FNDA:0,(anonymous_3)
FNDA:0,(anonymous_4)
FNDA:0,(anonymous_5)
FNDA:0,(anonymous_6)
FNDA:3,(anonymous_7)
FNDA:0,(anonymous_8)
FNDA:0,(anonymous_9)
FNDA:0,(anonymous_10)
FNDA:0,(anonymous_11)
FNDA:0,(anonymous_12)
FNDA:3,(anonymous_13)
DA:8,1
DA:10,0
DA:14,0
DA:18,0
DA:25,1
DA:27,0
DA:32,0
DA:33,0
DA:34,0
DA:38,0
DA:39,0
DA:40,0
DA:41,0
DA:42,0
DA:46,0
DA:53,1
DA:55,3
DA:59,0
DA:60,0
DA:61,0
DA:65,0
DA:72,1
DA:74,0
DA:78,0
DA:82,0
DA:90,1
DA:92,3
DA:94,0
DA:96,0
DA:98,3
DA:100,0
DA:102,0
LF:32
LH:8
BRDA:39,0,0,0
BRDA:39,0,1,0
BRDA:92,1,0,0
BRDA:92,1,1,0
BRDA:92,1,2,3
BRDA:92,1,3,0
BRDA:92,1,4,0
BRF:7
BRH:1
end_of_record
